This file contains any messages produced by compilers while
running configure, to aid debugging if configure makes a mistake.

It was created by parser configure 1.0, which was
generated by GNU Autoconf 2.71.  Invocation command line was

  $ ./configure --no-create --no-recursion

## --------- ##
## Platform. ##
## --------- ##

hostname = nodokaha-nixos
uname -m = x86_64
uname -r = 5.15.108
uname -s = Linux
uname -v = #1-NixOS SMP Thu Apr 20 10:13:57 UTC 2023

/usr/bin/uname -p = unknown
/bin/uname -X     = unknown

/bin/arch              = unknown
/usr/bin/arch -k       = unknown
/usr/convex/getsysinfo = unknown
/usr/bin/hostinfo      = unknown
/bin/machine           = unknown
/usr/bin/oslevel       = unknown
/bin/universe          = unknown

PATH: /home/nodokaha/perl5/bin/
PATH: /run/wrappers/bin/
PATH: /home/nodokaha/.local/share/flatpak/exports/bin/
PATH: /var/lib/flatpak/exports/bin/
PATH: /home/nodokaha/.nix-profile/bin/
PATH: /etc/profiles/per-user/nodokaha/bin/
PATH: /nix/var/nix/profiles/default/bin/
PATH: /run/current-system/sw/bin/
PATH: /home/nodokaha/.cargo/bin/


## ----------- ##
## Core tests. ##
## ----------- ##

configure:2099: looking for aux files: compile missing install-sh
configure:2112:  trying ./
configure:2141:   ./compile found
configure:2141:   ./missing found
configure:2123:   ./install-sh found
configure:2270: checking for a BSD-compatible install
configure:2343: result: /run/current-system/sw/bin/install -c
configure:2354: checking whether build environment is sane
configure:2409: result: yes
configure:2568: checking for a race-free mkdir -p
configure:2612: result: /run/current-system/sw/bin/mkdir -p
configure:2619: checking for gawk
configure:2640: found /run/current-system/sw/bin/gawk
configure:2651: result: gawk
configure:2662: checking whether make sets $(MAKE)
configure:2685: result: yes
configure:2715: checking whether make supports nested variables
configure:2733: result: yes
configure:2936: checking for gcc
configure:2957: found /run/current-system/sw/bin/gcc
configure:2968: result: gcc
configure:3321: checking for C compiler version
configure:3330: gcc --version >&5
gcc (GCC) 11.3.0
Copyright (C) 2021 Free Software Foundation, Inc.
This is free software; see the source for copying conditions.  There is NO
warranty; not even for MERCHANTABILITY or FITNESS FOR A PARTICULAR PURPOSE.

configure:3341: $? = 0
configure:3330: gcc -v >&5
Using built-in specs.
COLLECT_GCC=/nix/store/wy4ywjsch9q2hj5lphqjdg9p2kf7w0ls-gcc-11.3.0/bin/gcc
COLLECT_LTO_WRAPPER=/nix/store/wy4ywjsch9q2hj5lphqjdg9p2kf7w0ls-gcc-11.3.0/libexec/gcc/x86_64-unknown-linux-gnu/11.3.0/lto-wrapper
Target: x86_64-unknown-linux-gnu
Configured with: 
Thread model: posix
Supported LTO compression algorithms: zlib
gcc version 11.3.0 (GCC) 
configure:3341: $? = 0
configure:3330: gcc -V >&5
gcc: error: unrecognized command-line option '-V'
gcc: fatal error: no input files
compilation terminated.
configure:3341: $? = 1
configure:3330: gcc -qversion >&5
gcc: error: unrecognized command-line option '-qversion'; did you mean '--version'?
gcc: fatal error: no input files
compilation terminated.
configure:3341: $? = 1
configure:3330: gcc -version >&5
gcc: error: unrecognized command-line option '-version'
gcc: fatal error: no input files
compilation terminated.
configure:3341: $? = 1
configure:3361: checking whether the C compiler works
configure:3383: gcc    conftest.c  >&5
configure:3387: $? = 0
configure:3437: result: yes
configure:3440: checking for C compiler default output file name
configure:3442: result: a.out
configure:3448: checking for suffix of executables
configure:3455: gcc -o conftest    conftest.c  >&5
configure:3459: $? = 0
configure:3482: result: 
configure:3504: checking whether we are cross compiling
configure:3512: gcc -o conftest    conftest.c  >&5
configure:3516: $? = 0
configure:3523: ./conftest
configure:3527: $? = 0
configure:3542: result: no
configure:3547: checking for suffix of object files
configure:3570: gcc -c   conftest.c >&5
configure:3574: $? = 0
configure:3596: result: o
configure:3600: checking whether the compiler supports GNU C
configure:3620: gcc -c   conftest.c >&5
configure:3620: $? = 0
configure:3630: result: yes
configure:3641: checking whether gcc accepts -g
configure:3662: gcc -c -g  conftest.c >&5
configure:3662: $? = 0
configure:3706: result: yes
configure:3726: checking for gcc option to enable C11 features
configure:3741: gcc  -c -g -O2  conftest.c >&5
configure:3741: $? = 0
configure:3759: result: none needed
configure:3875: checking whether gcc understands -c and -o together
configure:3898: gcc -c conftest.c -o conftest2.o
configure:3901: $? = 0
configure:3898: gcc -c conftest.c -o conftest2.o
configure:3901: $? = 0
configure:3913: result: yes
configure:3933: checking whether make supports the include directive
configure:3948: make -f confmf.GNU && cat confinc.out
make[1]: Entering directory '/home/nodokaha/parser'
make[1]: Leaving directory '/home/nodokaha/parser'
this is the am__doit target
configure:3951: $? = 0
configure:3970: result: yes (GNU style)
configure:3996: checking dependency style of gcc
configure:4108: result: gcc3
configure:4171: checking for ranlib
configure:4192: found /run/current-system/sw/bin/ranlib
configure:4203: result: ranlib
configure:4337: checking that generated files are newer than configure
configure:4343: result: done
configure:4366: creating ./config.status

## ---------------- ##
## Cache variables. ##
## ---------------- ##

ac_cv_c_compiler_gnu=yes
ac_cv_env_CC_set=
ac_cv_env_CC_value=
ac_cv_env_CFLAGS_set=
ac_cv_env_CFLAGS_value=
ac_cv_env_CPPFLAGS_set=
ac_cv_env_CPPFLAGS_value=
ac_cv_env_LDFLAGS_set=
ac_cv_env_LDFLAGS_value=
ac_cv_env_LIBS_set=
ac_cv_env_LIBS_value=
ac_cv_env_build_alias_set=
ac_cv_env_build_alias_value=
ac_cv_env_host_alias_set=
ac_cv_env_host_alias_value=
ac_cv_env_target_alias_set=
ac_cv_env_target_alias_value=
ac_cv_objext=o
ac_cv_path_install='/run/current-system/sw/bin/install -c'
ac_cv_path_mkdir=/run/current-system/sw/bin/mkdir
ac_cv_prog_AWK=gawk
ac_cv_prog_ac_ct_CC=gcc
ac_cv_prog_ac_ct_RANLIB=ranlib
ac_cv_prog_cc_c11=
ac_cv_prog_cc_g=yes
ac_cv_prog_cc_stdc=
ac_cv_prog_make_make_set=yes
am_cv_CC_dependencies_compiler_type=gcc3
am_cv_make_support_nested_variables=yes
am_cv_prog_cc_c_o=yes

## ----------------- ##
## Output variables. ##
## ----------------- ##

ACLOCAL='${SHELL} '\''/home/nodokaha/parser/missing'\'' aclocal-1.16'
AMDEPBACKSLASH='\'
AMDEP_FALSE='#'
AMDEP_TRUE=''
AMTAR='$${TAR-tar}'
AM_BACKSLASH='\'
AM_DEFAULT_V='$(AM_DEFAULT_VERBOSITY)'
AM_DEFAULT_VERBOSITY='1'
AM_V='$(V)'
AUTOCONF='${SHELL} '\''/home/nodokaha/parser/missing'\'' autoconf'
AUTOHEADER='${SHELL} '\''/home/nodokaha/parser/missing'\'' autoheader'
AUTOMAKE='${SHELL} '\''/home/nodokaha/parser/missing'\'' automake-1.16'
AWK='gawk'
CC='gcc'
CCDEPMODE='depmode=gcc3'
CFLAGS='-g -O2'
CPPFLAGS=''
CSCOPE='cscope'
CTAGS='ctags'
CYGPATH_W='echo'
DEFS='-DHAVE_CONFIG_H'
DEPDIR='.deps'
ECHO_C=''
ECHO_N='-n'
ECHO_T=''
ETAGS='etags'
EXEEXT=''
INSTALL_DATA='${INSTALL} -m 644'
INSTALL_PROGRAM='${INSTALL}'
INSTALL_SCRIPT='${INSTALL}'
INSTALL_STRIP_PROGRAM='$(install_sh) -c -s'
LDFLAGS=''
LIBOBJS=''
LIBS=''
LTLIBOBJS=''
MAKEINFO='${SHELL} '\''/home/nodokaha/parser/missing'\'' makeinfo'
MKDIR_P='/run/current-system/sw/bin/mkdir -p'
OBJEXT='o'
PACKAGE='parser'
PACKAGE_BUGREPORT='example@example.com'
PACKAGE_NAME='parser'
PACKAGE_STRING='parser 1.0'
PACKAGE_TARNAME='parser'
PACKAGE_URL=''
PACKAGE_VERSION='1.0'
PATH_SEPARATOR=':'
RANLIB='ranlib'
SET_MAKE=''
SHELL='/bin/sh'
STRIP=''
VERSION='1.0'
ac_ct_CC='gcc'
am__EXEEXT_FALSE=''
am__EXEEXT_TRUE='#'
am__fastdepCC_FALSE='#'
am__fastdepCC_TRUE=''
am__include='include'
am__isrc=''
am__leading_dot='.'
am__nodep='_no'
am__quote=''
am__tar='$${TAR-tar} chof - "$$tardir"'
am__untar='$${TAR-tar} xf -'
bindir='${exec_prefix}/bin'
build_alias=''
datadir='${datarootdir}'
datarootdir='${prefix}/share'
docdir='${datarootdir}/doc/${PACKAGE_TARNAME}'
dvidir='${docdir}'
exec_prefix='${prefix}'
host_alias=''
htmldir='${docdir}'
includedir='${prefix}/include'
infodir='${datarootdir}/info'
install_sh='${SHELL} /home/nodokaha/parser/install-sh'
libdir='${exec_prefix}/lib'
libexecdir='${exec_prefix}/libexec'
localedir='${datarootdir}/locale'
localstatedir='${prefix}/var'
mandir='${datarootdir}/man'
mkdir_p='$(MKDIR_P)'
oldincludedir='/usr/include'
pdfdir='${docdir}'
prefix='/usr/local'
program_transform_name='s,x,x,'
psdir='${docdir}'
runstatedir='${localstatedir}/run'
sbindir='${exec_prefix}/sbin'
sharedstatedir='${prefix}/com'
sysconfdir='${prefix}/etc'
target_alias=''

## ----------- ##
## confdefs.h. ##
## ----------- ##

/* confdefs.h */
#define PACKAGE_NAME "parser"
#define PACKAGE_TARNAME "parser"
#define PACKAGE_VERSION "1.0"
#define PACKAGE_STRING "parser 1.0"
#define PACKAGE_BUGREPORT "example@example.com"
#define PACKAGE_URL ""
#define PACKAGE "parser"
#define VERSION "1.0"

configure: exit 0

## ---------------------- ##
## Running config.status. ##
## ---------------------- ##

This file was extended by parser config.status 1.0, which was
generated by GNU Autoconf 2.71.  Invocation command line was

  CONFIG_FILES    = 
  CONFIG_HEADERS  = 
  CONFIG_LINKS    = 
  CONFIG_COMMANDS = 
  $ ./config.status 

on nodokaha-nixos

config.status:838: creating Makefile
config.status:838: creating src/Makefile
config.status:838: creating config.h
config.status:1019: config.h is unchanged
config.status:1067: executing depfiles commands
config.status:1144: cd src       && sed -e '/# am--include-marker/d' Makefile         | make -f - am--depfiles
make[1]: Entering directory '/home/nodokaha/parser/src'
make[1]: Nothing to be done for 'am--depfiles'.
make[1]: Leaving directory '/home/nodokaha/parser/src'
config.status:1149: $? = 0
